# tests

python3.6.9) jetson@docker-donkeycar-donkeynano462:~/data$ ll
total 24
1843204 4 drwxr-xr-x 3 jetson jetson 4096 Oct 11 07:59 ./
  79000 4 drwxr-xr-x 1 jetson jetson 4096 Oct 11 07:57 ../
1843205 4 drwxr-xr-x 2 jetson jetson 4096 Oct 11 07:19 Notebooks/
1843462 4 -rwxrwxr-x 1 jetson jetson 2663 Oct 11 07:59 test_camera-csi.py*
1843467 4 -rwxrwxr-x 1 jetson jetson  327 Oct 11 07:59 test_camera-usb.py*
1843468 4 -rwxrwxr-x 1 jetson jetson  318 Oct 11 07:59 test_tensorflow.py*
(python3.6.9) jetson@docker-donkeycar-donkeynano462:~/data$ python3 test_camera-csi.py 
nvarguscamerasrc sensor-id=0 !video/x-raw(memory:NVMM), width=(int)1920, height=(int)1080, framerate=(fraction)30/1 ! nvvidconv flip-method=0 ! video/x-raw, width=(int)960, height=(int)540, format=(string)BGRx ! videoconvert ! video/x-raw, format=(string)BGR ! appsink

(gst-plugin-scanner:47): GStreamer-WARNING **: 07:59:31.327: Failed to load plugin '/usr/lib/aarch64-linux-gnu/gstreamer-1.0/deepstream/libnvdsgst_udp.so': librivermax.so.0: cannot open shared object file: No such file or directory
GST_ARGUS: Creating output stream
CONSUMER: Waiting until producer is connected...
GST_ARGUS: Available Sensor modes :
GST_ARGUS: 3264 x 2464 FR = 21.000000 fps Duration = 47619048 ; Analog Gain range min 1.000000, max 10.625000; Exposure Range min 13000, max 683709000;

GST_ARGUS: 3264 x 1848 FR = 28.000001 fps Duration = 35714284 ; Analog Gain range min 1.000000, max 10.625000; Exposure Range min 13000, max 683709000;

GST_ARGUS: 1920 x 1080 FR = 29.999999 fps Duration = 33333334 ; Analog Gain range min 1.000000, max 10.625000; Exposure Range min 13000, max 683709000;

GST_ARGUS: 1640 x 1232 FR = 29.999999 fps Duration = 33333334 ; Analog Gain range min 1.000000, max 10.625000; Exposure Range min 13000, max 683709000;

GST_ARGUS: 1280 x 720 FR = 59.999999 fps Duration = 16666667 ; Analog Gain range min 1.000000, max 10.625000; Exposure Range min 13000, max 683709000;

GST_ARGUS: 1280 x 720 FR = 120.000005 fps Duration = 8333333 ; Analog Gain range min 1.000000, max 10.625000; Exposure Range min 13000, max 683709000;

GST_ARGUS: Running with following settings:
   Camera index = 0 
   Camera mode  = 2 
   Output Stream W = 1920 H = 1080 
   seconds to Run    = 0 
   Frame Rate = 29.999999 
GST_ARGUS: Setup Complete, Starting captures for 0 seconds
GST_ARGUS: Starting repeat capture requests.
CONSUMER: Producer has connected; continuing.
[ WARN:0] global /home/nvidia/host/build_opencv/nv_opencv/modules/videoio/src/cap_gstreamer.cpp (933) open OpenCV | GStreamer warning: Cannot query video position: status=0, value=-1, duration=-1
GST_ARGUS: Cleaning up
CONSUMER: Done Success
GST_ARGUS: Done Success
(python3.6.9) jetson@docker-donkeycar-donkeynano462:~/data$ python3 test_camera-usb.py 
[ WARN:0] global /home/nvidia/host/build_opencv/nv_opencv/modules/videoio/src/cap_gstreamer.cpp (933) open OpenCV | GStreamer warning: Cannot query video position: status=0, value=-1, duration=-1
(python3.6.9) jetson@docker-donkeycar-donkeynano462:~/data$ python3 test_tensorflow.py 
2022-10-11 08:00:16.780420: I tensorflow/stream_executor/cuda/cuda_gpu_executor.cc:1019] ARM64 does not support NUMA - returning NUMA node zero
2022-10-11 08:00:16.965676: I tensorflow/stream_executor/cuda/cuda_gpu_executor.cc:1019] ARM64 does not support NUMA - returning NUMA node zero
2022-10-11 08:00:16.966271: I tensorflow/stream_executor/cuda/cuda_gpu_executor.cc:1019] ARM64 does not support NUMA - returning NUMA node zero
2022-10-11 08:00:24.100323: I tensorflow/stream_executor/cuda/cuda_gpu_executor.cc:1019] ARM64 does not support NUMA - returning NUMA node zero
2022-10-11 08:00:24.128666: I tensorflow/stream_executor/cuda/cuda_gpu_executor.cc:1019] ARM64 does not support NUMA - returning NUMA node zero
2022-10-11 08:00:24.130695: I tensorflow/stream_executor/cuda/cuda_gpu_executor.cc:1019] ARM64 does not support NUMA - returning NUMA node zero
2022-10-11 08:00:24.145106: I tensorflow/core/common_runtime/gpu/gpu_device.cc:1525] Created device /device:GPU:0 with 183 MB memory:  -> device: 0, name: NVIDIA Tegra X1, pci bus id: 0000:00:00.0, compute capability: 5.3
2022-10-11 08:00:24.204018: I tensorflow/stream_executor/cuda/cuda_gpu_executor.cc:1019] ARM64 does not support NUMA - returning NUMA node zero
2022-10-11 08:00:24.204565: I tensorflow/stream_executor/cuda/cuda_gpu_executor.cc:1019] ARM64 does not support NUMA - returning NUMA node zero
2022-10-11 08:00:24.204946: I tensorflow/stream_executor/cuda/cuda_gpu_executor.cc:1019] ARM64 does not support NUMA - returning NUMA node zero
2022-10-11 08:00:24.205704: I tensorflow/stream_executor/cuda/cuda_gpu_executor.cc:1019] ARM64 does not support NUMA - returning NUMA node zero
2022-10-11 08:00:24.206149: I tensorflow/stream_executor/cuda/cuda_gpu_executor.cc:1019] ARM64 does not support NUMA - returning NUMA node zero
2022-10-11 08:00:24.206351: I tensorflow/core/common_runtime/gpu/gpu_device.cc:1525] Created device /device:GPU:0 with 183 MB memory:  -> device: 0, name: NVIDIA Tegra X1, pci bus id: 0000:00:00.0, compute capability: 5.3
Default GPU Device: /device:GPU:0
tensorflow version: 2.7.0
(python3.6.9) jetson@docker-donkeycar-donkeynano462:~/data$ 


(python3.6.9) jetson@docker-donkeycar-donkeynano462:~/data$ donkey createcar --path=~/data/mycar
________             ______                   _________              
___  __ \_______________  /___________  __    __  ____/_____ ________
__  / / /  __ \_  __ \_  //_/  _ \_  / / /    _  /    _  __ `/_  ___/
_  /_/ // /_/ /  / / /  ,<  /  __/  /_/ /     / /___  / /_/ /_  /    
/_____/ \____//_/ /_//_/|_| \___/_\__, /      \____/  \__,_/ /_/     
                                 /____/                              

using donkey v4.3.22 ...
Creating car folder: ~/data/mycar
making dir  /home/jetson/data/mycar
Creating data & model folders.
making dir  /home/jetson/data/mycar/models
making dir  /home/jetson/data/mycar/data
making dir  /home/jetson/data/mycar/logs
Copying car application template: complete
Copying car config defaults. Adjust these before starting your car.
Copying train script. Adjust these before starting your car.
Copying calibrate script. Adjust these before starting your car.
Copying my car config overrides
Donkey setup complete.

